<?xml version="1.0" encoding="UTF-8"?>
<!-- Generated by org.testng.reporters.JUnitReportReporter -->
<testsuite hostname="LAPTOP-LHOFFBU0" failures="0" tests="7" name="synkdupmethod.associatemethod" time="1.759" errors="1" timestamp="2022-06-11T13:08:34 IST" skipped="6">
  <testcase classname="synkdupmethod.associatemethod" name="run3" time="0.000">
    <skipped/>
  </testcase> <!-- run3 -->
  <system-out/>
  <testcase classname="synkdupmethod.associatemethod" name="run5" time="0.000">
    <skipped/>
  </testcase> <!-- run5 -->
  <system-out/>
  <testcase classname="synkdupmethod.associatemethod" name="run2" time="0.000">
    <skipped/>
  </testcase> <!-- run2 -->
  <system-out/>
  <testcase classname="synkdupmethod.associatemethod" name="setup" time="1.759">
    <error message="session not created: This version of ChromeDriver only supports Chrome version 100
Current browser version is 102.0.5005.63 with binary path C:\Program Files\Google\Chrome\Application\chrome.exe
Build info: version: &#039;3.141.59&#039;, revision: &#039;e82be7d358&#039;, time: &#039;2018-11-14T08:17:03&#039;
System info: host: &#039;LAPTOP-LHOFFBU0&#039;, ip: &#039;192.168.43.159&#039;, os.name: &#039;Windows 10&#039;, os.arch: &#039;amd64&#039;, os.version: &#039;10.0&#039;, java.version: &#039;15.0.1&#039;
Driver info: driver.version: ChromeDriver
remote stacktrace: Backtrace:
	Ordinal0 [0x005E7413+2389011]
	Ordinal0 [0x00579F61+1941345]
	Ordinal0 [0x0046C658+837208]
	Ordinal0 [0x0048C773+968563]
	Ordinal0 [0x0048837A+951162]
	Ordinal0 [0x00485C51+941137]
	Ordinal0 [0x004B8C80+1150080]
	Ordinal0 [0x004B88DA+1149146]
	Ordinal0 [0x004B3F66+1130342]
	Ordinal0 [0x0048E546+976198]
	Ordinal0 [0x0048F456+980054]
	GetHandleVerifier [0x00799632+1727522]
	GetHandleVerifier [0x0084BA4D+2457661]
	GetHandleVerifier [0x0067EB81+569713]
	GetHandleVerifier [0x0067DD76+566118]
	Ordinal0 [0x00580B2B+1968939]
	Ordinal0 [0x00585988+1989000]
	Ordinal0 [0x00585A75+1989237]
	Ordinal0 [0x0058ECB1+2026673]
	BaseThreadInitThunk [0x772BFA29+25]
	RtlGetAppContainerNamedObjectPath [0x77487A9E+286]
	RtlGetAppContainerNamedObjectPath [0x77487A6E+238]
" type="org.openqa.selenium.SessionNotCreatedException">
      <![CDATA[org.openqa.selenium.SessionNotCreatedException: session not created: This version of ChromeDriver only supports Chrome version 100
Current browser version is 102.0.5005.63 with binary path C:\Program Files\Google\Chrome\Application\chrome.exe
Build info: version: '3.141.59', revision: 'e82be7d358', time: '2018-11-14T08:17:03'
System info: host: 'LAPTOP-LHOFFBU0', ip: '192.168.43.159', os.name: 'Windows 10', os.arch: 'amd64', os.version: '10.0', java.version: '15.0.1'
Driver info: driver.version: ChromeDriver
remote stacktrace: Backtrace:
Ordinal0 [0x005E7413+2389011]
Ordinal0 [0x00579F61+1941345]
Ordinal0 [0x0046C658+837208]
Ordinal0 [0x0048C773+968563]
Ordinal0 [0x0048837A+951162]
Ordinal0 [0x00485C51+941137]
Ordinal0 [0x004B8C80+1150080]
Ordinal0 [0x004B88DA+1149146]
Ordinal0 [0x004B3F66+1130342]
Ordinal0 [0x0048E546+976198]
Ordinal0 [0x0048F456+980054]
GetHandleVerifier [0x00799632+1727522]
GetHandleVerifier [0x0084BA4D+2457661]
GetHandleVerifier [0x0067EB81+569713]
GetHandleVerifier [0x0067DD76+566118]
Ordinal0 [0x00580B2B+1968939]
Ordinal0 [0x00585988+1989000]
Ordinal0 [0x00585A75+1989237]
Ordinal0 [0x0058ECB1+2026673]
BaseThreadInitThunk [0x772BFA29+25]
RtlGetAppContainerNamedObjectPath [0x77487A9E+286]
RtlGetAppContainerNamedObjectPath [0x77487A6E+238]

at java.base/jdk.internal.reflect.NativeConstructorAccessorImpl.newInstance0(Native Method)
at java.base/jdk.internal.reflect.NativeConstructorAccessorImpl.newInstance(NativeConstructorAccessorImpl.java:64)
at java.base/jdk.internal.reflect.DelegatingConstructorAccessorImpl.newInstance(DelegatingConstructorAccessorImpl.java:45)
at java.base/java.lang.reflect.Constructor.newInstanceWithCaller(Constructor.java:500)
at java.base/java.lang.reflect.Constructor.newInstance(Constructor.java:481)
at org.openqa.selenium.remote.W3CHandshakeResponse.lambda$errorHandler$0(W3CHandshakeResponse.java:62)
at org.openqa.selenium.remote.HandshakeResponse.lambda$getResponseFunction$0(HandshakeResponse.java:30)
at org.openqa.selenium.remote.ProtocolHandshake.lambda$createSession$0(ProtocolHandshake.java:126)
at java.base/java.util.stream.ReferencePipeline$3$1.accept(ReferencePipeline.java:195)
at java.base/java.util.Spliterators$ArraySpliterator.tryAdvance(Spliterators.java:958)
at java.base/java.util.stream.ReferencePipeline.forEachWithCancel(ReferencePipeline.java:127)
at java.base/java.util.stream.AbstractPipeline.copyIntoWithCancel(AbstractPipeline.java:502)
at java.base/java.util.stream.AbstractPipeline.copyInto(AbstractPipeline.java:488)
at java.base/java.util.stream.AbstractPipeline.wrapAndCopyInto(AbstractPipeline.java:474)
at java.base/java.util.stream.FindOps$FindOp.evaluateSequential(FindOps.java:150)
at java.base/java.util.stream.AbstractPipeline.evaluate(AbstractPipeline.java:234)
at java.base/java.util.stream.ReferencePipeline.findFirst(ReferencePipeline.java:543)
at org.openqa.selenium.remote.ProtocolHandshake.createSession(ProtocolHandshake.java:128)
at org.openqa.selenium.remote.ProtocolHandshake.createSession(ProtocolHandshake.java:74)
at org.openqa.selenium.remote.HttpCommandExecutor.execute(HttpCommandExecutor.java:136)
at org.openqa.selenium.remote.service.DriverCommandExecutor.execute(DriverCommandExecutor.java:83)
at org.openqa.selenium.remote.RemoteWebDriver.execute(RemoteWebDriver.java:552)
at org.openqa.selenium.remote.RemoteWebDriver.startSession(RemoteWebDriver.java:213)
at org.openqa.selenium.remote.RemoteWebDriver.<init>(RemoteWebDriver.java:131)
at org.openqa.selenium.chrome.ChromeDriver.<init>(ChromeDriver.java:181)
at org.openqa.selenium.chrome.ChromeDriver.<init>(ChromeDriver.java:168)
at org.openqa.selenium.chrome.ChromeDriver.<init>(ChromeDriver.java:123)
at testcase.baseclass.setup(baseclass.java:37)
at java.base/jdk.internal.reflect.NativeMethodAccessorImpl.invoke0(Native Method)
at java.base/jdk.internal.reflect.NativeMethodAccessorImpl.invoke(NativeMethodAccessorImpl.java:64)
at java.base/jdk.internal.reflect.DelegatingMethodAccessorImpl.invoke(DelegatingMethodAccessorImpl.java:43)
at java.base/java.lang.reflect.Method.invoke(Method.java:564)
at org.testng.internal.MethodInvocationHelper.invokeMethod(MethodInvocationHelper.java:132)
at org.testng.internal.MethodInvocationHelper.invokeMethodConsideringTimeout(MethodInvocationHelper.java:61)
at org.testng.internal.ConfigInvoker.invokeConfigurationMethod(ConfigInvoker.java:366)
at org.testng.internal.ConfigInvoker.invokeConfigurations(ConfigInvoker.java:320)
at org.testng.SuiteRunner.privateRun(SuiteRunner.java:327)
at org.testng.SuiteRunner.run(SuiteRunner.java:286)
at org.testng.SuiteRunnerWorker.runSuite(SuiteRunnerWorker.java:53)
at org.testng.SuiteRunnerWorker.run(SuiteRunnerWorker.java:96)
at org.testng.TestNG.runSuitesSequentially(TestNG.java:1218)
at org.testng.TestNG.runSuitesLocally(TestNG.java:1140)
at org.testng.TestNG.runSuites(TestNG.java:1069)
at org.testng.TestNG.run(TestNG.java:1037)
at org.testng.remote.AbstractRemoteTestNG.run(AbstractRemoteTestNG.java:115)
at org.testng.remote.RemoteTestNG.initAndRun(RemoteTestNG.java:251)
at org.testng.remote.RemoteTestNG.main(RemoteTestNG.java:77)
]]>
    </error>
  </testcase> <!-- setup -->
  <system-out/>
  <testcase classname="synkdupmethod.associatemethod" name="run4" time="0.000">
    <skipped/>
  </testcase> <!-- run4 -->
  <system-out/>
  <testcase classname="synkdupmethod.associatemethod" name="run6" time="0.000">
    <skipped/>
  </testcase> <!-- run6 -->
  <system-out/>
  <testcase classname="synkdupmethod.associatemethod" name="run1" time="0.000">
    <skipped/>
  </testcase> <!-- run1 -->
  <system-out/>
</testsuite> <!-- synkdupmethod.associatemethod -->
